<?xml version="1.0" encoding="UTF-8"?>
<!-- Generated by org.testng.reporters.JUnitReportReporter -->
<testsuite skipped="0" hostname="LAPTOP-V1GOJHKS" name="org.test.reunTestNG.TestC" tests="3" failures="0" timestamp="12 Dec 2021 15:35:51 GMT" time="0.017" errors="0">
  <testcase name="TestC2" time="0.000" classname="org.test.reunTestNG.TestC"/>
  <testcase name="TestC1" time="0.010" classname="org.test.reunTestNG.TestC"/>
  <testcase name="TestC3" time="0.007" classname="org.test.reunTestNG.TestC"/>
</testsuite> <!-- org.test.reunTestNG.TestC -->
