<?xml version="1.0" encoding="UTF-8"?>
<!-- Generated by org.testng.reporters.JUnitReportReporter -->
<testsuite skipped="0" hostname="LAPTOP-V1GOJHKS" name="org.test.reunTestNG.TestA" tests="7" failures="0" timestamp="12 Dec 2021 15:59:16 GMT" time="0.022" errors="0">
  <testcase name="TestA4" time="0.002" classname="org.test.reunTestNG.TestA"/>
  <testcase name="TestA1" time="0.010" classname="org.test.reunTestNG.TestA"/>
  <testcase name="TestA7" time="0.005" classname="org.test.reunTestNG.TestA"/>
  <testcase name="TestA9" time="0.000" classname="org.test.reunTestNG.TestA"/>
  <testcase name="TestA8" time="0.003" classname="org.test.reunTestNG.TestA"/>
  <testcase name="TestA6" time="0.000" classname="org.test.reunTestNG.TestA"/>
  <testcase name="TestA3" time="0.002" classname="org.test.reunTestNG.TestA"/>
</testsuite> <!-- org.test.reunTestNG.TestA -->
