<?xml version="1.0" encoding="UTF-8"?>
<!-- Generated by org.testng.reporters.JUnitReportReporter -->
<testsuite skipped="0" hostname="LAPTOP-V1GOJHKS" name="org.test.dataproviderTestNG.FaceBOOK" tests="3" failures="0" timestamp="14 Dec 2021 13:36:31 GMT" time="38.124" errors="0">
  <testcase name="test2" time="10.212" classname="org.test.dataproviderTestNG.FaceBOOK"/>
  <testcase name="Test1" time="18.463" classname="org.test.dataproviderTestNG.FaceBOOK"/>
  <testcase name="test3" time="9.449" classname="org.test.dataproviderTestNG.FaceBOOK"/>
</testsuite> <!-- org.test.dataproviderTestNG.FaceBOOK -->
