<?xml version="1.0" encoding="UTF-8"?>
<!-- Generated by org.testng.reporters.JUnitReportReporter -->
<testsuite skipped="0" hostname="LAPTOP-V1GOJHKS" name="org.test.reunTestNG.TestB" tests="8" failures="0" timestamp="12 Dec 2021 15:59:16 GMT" time="0.010" errors="0">
  <testcase name="TestA4" time="0.002" classname="org.test.reunTestNG.TestB"/>
  <testcase name="TestA3" time="0.001" classname="org.test.reunTestNG.TestB"/>
  <testcase name="TestB2" time="0.005" classname="org.test.reunTestNG.TestB"/>
  <testcase name="TestB1" time="0.001" classname="org.test.reunTestNG.TestB"/>
  <testcase name="TestA8" time="0.000" classname="org.test.reunTestNG.TestB"/>
  <testcase name="TestB3" time="0.000" classname="org.test.reunTestNG.TestB"/>
  <testcase name="TestA7" time="0.000" classname="org.test.reunTestNG.TestB"/>
  <testcase name="TestA6" time="0.001" classname="org.test.reunTestNG.TestB"/>
</testsuite> <!-- org.test.reunTestNG.TestB -->
