<?xml version="1.0" encoding="UTF-8"?>
<!-- Generated by org.testng.reporters.JUnitReportReporter -->
<testsuite skipped="0" hostname="LAPTOP-V1GOJHKS" name="org.test.dataproviderTestNG.browser" tests="3" failures="0" timestamp="14 Dec 2021 13:09:50 GMT" time="0.011" errors="0">
  <testcase name="test2" time="0.001" classname="org.test.dataproviderTestNG.browser"/>
  <testcase name="Test1" time="0.009" classname="org.test.dataproviderTestNG.browser"/>
  <testcase name="test3" time="0.001" classname="org.test.dataproviderTestNG.browser"/>
</testsuite> <!-- org.test.dataproviderTestNG.browser -->
